[2026-04-01 05:44:49] [UCI-SDF-LOG] SDF_OpenDevice
[2026-04-01 05:44:49] [UCI-SDF-LOG] SDF_OpenSession
[2026-04-01 05:44:49] [UCI-SDF-LOG] SDF_GetPrivateKeyAccessRight
[2026-04-01 05:44:49] [UCI-SDF-LOG] SDFU_LoadProvider
[2026-04-01 05:44:49] [UCI-SDF-LOG] SDFR_RegisterAlgName
[2026-04-01 05:44:49] [UCI-SDF-LOG] SDFU_GenerateKeyPair
[2026-04-01 05:44:49] [UCI-SDF-LOG] SDFR_Execute op=KEM_ENCAPSULATE
[2026-04-01 05:44:49] [UCI-SDF-LOG] SDFR_LoadPatchFile
[2026-04-01 05:44:49] [UCI-SDF-LOG] SDFR_RegisterAlgName
[2026-04-01 05:44:49] [UCI-SDF-LOG] SDFR_RegisterAlgName
[2026-04-01 05:44:49] [UCI-SDF-LOG] SDFU_ExecuteAsymmetric
[2026-04-01 05:44:49] [UCI-SDF-LOG] SDFR_Execute op=KEM_ENCAPSULATE
[2026-04-01 05:44:49] [UCI-SDF-LOG] SDFU_ExecuteAsymmetric
[2026-04-01 05:44:49] [UCI-SDF-LOG] SDFR_Execute op=KEM_DECAPSULATE
[2026-04-01 05:44:49] [UCI-SDF-LOG] SDFU_ExecuteAsymmetric
[2026-04-01 05:44:49] [UCI-SDF-LOG] SDF_DestroyKey
[2026-04-01 05:44:49] [UCI-SDF-LOG] SDFU_UnloadProvider
[2026-04-01 05:44:49] [UCI-SDF-LOG] SDF_CloseSession
[2026-04-01 05:44:49] [UCI-SDF-LOG] SDF_CloseDevice
[2026-04-01 06:13:39] [UCI-SDF-LOG] SDF_OpenDevice
[2026-04-01 06:13:39] [UCI-SDF-LOG] SDF_OpenSession
[2026-04-01 06:13:39] [UCI-SDF-LOG] SDF_GetPrivateKeyAccessRight
[2026-04-01 06:13:39] [UCI-SDF-LOG] SDFU_LoadProvider
[2026-04-01 06:13:39] [UCI-SDF-LOG] SDFR_RegisterAlgName
[2026-04-01 06:13:39] [UCI-SDF-LOG] SDFU_GenerateKeyPair
[2026-04-01 06:13:39] [UCI-SDF-LOG] SDFR_Execute op=KEM_ENCAPSULATE
[2026-04-01 06:13:39] [UCI-SDF-LOG] SDFR_LoadPatchFile
[2026-04-01 06:13:39] [UCI-SDF-LOG] SDFR_RegisterAlgName
[2026-04-01 06:13:39] [UCI-SDF-LOG] SDFR_RegisterAlgName
[2026-04-01 06:13:39] [UCI-SDF-LOG] SDFU_ExecuteAsymmetric
[2026-04-01 06:13:39] [UCI-SDF-LOG] SDFR_Execute op=KEM_ENCAPSULATE
[2026-04-01 06:13:39] [UCI-SDF-LOG] SDFU_ExecuteAsymmetric
[2026-04-01 06:13:39] [UCI-SDF-LOG] SDFR_Execute op=KEM_DECAPSULATE
[2026-04-01 06:13:39] [UCI-SDF-LOG] SDFU_ExecuteAsymmetric
[2026-04-01 06:13:39] [UCI-SDF-LOG] SDF_DestroyKey
[2026-04-01 06:13:39] [UCI-SDF-LOG] SDFU_UnloadProvider
[2026-04-01 06:13:39] [UCI-SDF-LOG] SDF_CloseSession
[2026-04-01 06:13:39] [UCI-SDF-LOG] SDF_CloseDevice
